Using pre-set license
Built from '2020.3/staging' branch; Version is '2020.3.5f1 (8095aa901b9b) revision 8426922'; Using compiler version '192528614'; Build Type 'Release'
OS: 'Windows 10 Pro; OS build 19041.928; Version 2004; 64bit' Language: 'ru' Physical Memory: 24540 MB
BatchMode: 1, IsHumanControllingUs: 0, StartBugReporterOnCrash: 0, Is64bit: 1, IsPro: 0

 COMMAND LINE ARGUMENTS:
C:\Program Files\Unity\Hub\Editor\2020.3.5f1\Editor\Unity.exe
-adb2
-batchMode
-noUpm
-name
AssetImportWorker0
-projectPath
D:/Project/Development/Game/Unity/Tanks-tutorial
-logFile
Logs/AssetImportWorker0.log
-srvPort
63821
Successfully changed project path to: D:/Project/Development/Game/Unity/Tanks-tutorial
D:/Project/Development/Game/Unity/Tanks-tutorial
Using Asset Import Pipeline V2.
Refreshing native plugins compatible for Editor in 61.43 ms, found 1 plugins.
Preloading 0 native plugins for Editor in 0.00 ms.
Initialize engine version: 2020.3.5f1 (8095aa901b9b)
[Subsystems] Discovering subsystems at path C:/Program Files/Unity/Hub/Editor/2020.3.5f1/Editor/Data/Resources/UnitySubsystems
[Subsystems] Discovering subsystems at path D:/Project/Development/Game/Unity/Tanks-tutorial/Assets
GfxDevice: creating device client; threaded=0
Direct3D:
    Version:  Direct3D 11.0 [level 11.1]
    Renderer: NVIDIA GeForce GTX 1650 (ID=0x1f82)
    Vendor:   
    VRAM:     3962 MB
    Driver:   27.21.14.5671
Initialize mono
Mono path[0] = 'C:/Program Files/Unity/Hub/Editor/2020.3.5f1/Editor/Data/Managed'
Mono path[1] = 'C:/Program Files/Unity/Hub/Editor/2020.3.5f1/Editor/Data/MonoBleedingEdge/lib/mono/unityjit'
Mono config path = 'C:/Program Files/Unity/Hub/Editor/2020.3.5f1/Editor/Data/MonoBleedingEdge/etc'
Using monoOptions --debugger-agent=transport=dt_socket,embedding=1,server=y,suspend=n,address=127.0.0.1:56984
Begin MonoManager ReloadAssembly
Registering precompiled unity dll's ...
Register platform support module: C:/Program Files/Unity/Hub/Editor/2020.3.5f1/Editor/Data/PlaybackEngines/WindowsStandaloneSupport/UnityEditor.WindowsStandalone.Extensions.dll
Registered in 0.003787 seconds.
Native extension for WindowsStandalone target not found
Refreshing native plugins compatible for Editor in 61.31 ms, found 1 plugins.
Preloading 0 native plugins for Editor in 0.00 ms.
Mono: successfully reloaded assembly
- Completed reload, in  3.162 seconds
Platform modules already initialized, skipping
Registering precompiled user dll's ...
Registered in 0.001250 seconds.
Begin MonoManager ReloadAssembly
Native extension for WindowsStandalone target not found
Refreshing native plugins compatible for Editor in 60.73 ms, found 1 plugins.
Preloading 0 native plugins for Editor in 0.00 ms.
Mono: successfully reloaded assembly
- Completed reload, in  1.554 seconds
Platform modules already initialized, skipping
========================================================================
Worker process is ready to serve import requests
Launched and connected shader compiler UnityShaderCompiler.exe after 0.07 seconds
Refreshing native plugins compatible for Editor in 0.51 ms, found 1 plugins.
Preloading 0 native plugins for Editor in 0.00 ms.
Unloading 1818 Unused Serialized files (Serialized files now loaded: 0)
System memory in use before: 85.3 MB.
System memory in use after: 85.2 MB.

Unloading 24 unused Assets to reduce memory usage. Loaded Objects now: 2261.
Total: 2.886900 ms (FindLiveObjects: 0.210000 ms CreateObjectMapping: 0.091600 ms MarkObjects: 2.405200 ms  DeleteObjects: 0.178300 ms)

========================================================================
Received Import Request.
  path: Assets/Scripts/Enemy/EnemyIdleState.cs
  artifactKey: Guid(62c4bf81e6737574bba454576c21d56d) Importer(815301076,1909f56bfc062723c751e8b465ee728b)
Start importing Assets/Scripts/Enemy/EnemyIdleState.cs using Guid(62c4bf81e6737574bba454576c21d56d) Importer(815301076,1909f56bfc062723c751e8b465ee728b)  -> (artifact id: 'cfa4ecc6f75559bdb6a00565519fb0c4') in 0.057254 seconds
  Import took 0.061080 seconds .

========================================================================
Received Import Request.
  Time since last request: 0.000412 seconds.
  path: Assets/Scripts/Enemy/EnemyChangeDirectionState.cs
  artifactKey: Guid(9b683070d99946141aaec24c92d9192f) Importer(815301076,1909f56bfc062723c751e8b465ee728b)
Start importing Assets/Scripts/Enemy/EnemyChangeDirectionState.cs using Guid(9b683070d99946141aaec24c92d9192f) Importer(815301076,1909f56bfc062723c751e8b465ee728b)  -> (artifact id: '5f9a45a525a1d7ee13d4f0644cfc00ea') in 0.008233 seconds
  Import took 0.012228 seconds .

========================================================================
Received Import Request.
  Time since last request: 0.000352 seconds.
  path: Assets/Scripts/Enemy/EnemyMoveAndFireState.cs
  artifactKey: Guid(c0db4778c56d89742abc1735ce8c23a3) Importer(815301076,1909f56bfc062723c751e8b465ee728b)
Start importing Assets/Scripts/Enemy/EnemyMoveAndFireState.cs using Guid(c0db4778c56d89742abc1735ce8c23a3) Importer(815301076,1909f56bfc062723c751e8b465ee728b)  -> (artifact id: '5dca758e193622c9db5ed68479adaa0b') in 0.009100 seconds
  Import took 0.013608 seconds .

========================================================================
Received Import Request.
  Time since last request: 0.394362 seconds.
  path: Assets/Scripts/Enemy/EnemyState.cs
  artifactKey: Guid(3c332a07e49498e4593ef833d2b5680f) Importer(815301076,1909f56bfc062723c751e8b465ee728b)
Start importing Assets/Scripts/Enemy/EnemyState.cs using Guid(3c332a07e49498e4593ef833d2b5680f) Importer(815301076,1909f56bfc062723c751e8b465ee728b)  -> (artifact id: 'ad2153cd616ae6260a6109d14f9ebd37') in 0.010537 seconds
  Import took 0.014453 seconds .

========================================================================
Received Import Request.
  Time since last request: 0.000613 seconds.
  path: Assets/Scripts/Enemy/EnemyState.cs
  artifactKey: Guid(3c332a07e49498e4593ef833d2b5680f) Importer(815301076,1909f56bfc062723c751e8b465ee728b)
Start importing Assets/Scripts/Enemy/EnemyState.cs using Guid(3c332a07e49498e4593ef833d2b5680f) Importer(815301076,1909f56bfc062723c751e8b465ee728b)  -> (artifact id: 'ad2153cd616ae6260a6109d14f9ebd37') in 0.002643 seconds
  Import took 0.007655 seconds .

========================================================================
Received Import Request.
  Time since last request: 1.003813 seconds.
  path: Assets/Scripts/Enemy/EnemyStopAndFireState.cs
  artifactKey: Guid(375e9b476b4b0704a8defdad8a207518) Importer(815301076,1909f56bfc062723c751e8b465ee728b)
Start importing Assets/Scripts/Enemy/EnemyStopAndFireState.cs using Guid(375e9b476b4b0704a8defdad8a207518) Importer(815301076,1909f56bfc062723c751e8b465ee728b)  -> (artifact id: '5343049979b3034118d3bfcc17468b2e') in 0.009255 seconds
  Import took 0.013948 seconds .

========================================================================
Received Import Request.
  Time since last request: 0.000776 seconds.
  path: Assets/Scripts/Enemy/EnemyStopAndFireState.cs
  artifactKey: Guid(375e9b476b4b0704a8defdad8a207518) Importer(815301076,1909f56bfc062723c751e8b465ee728b)
Start importing Assets/Scripts/Enemy/EnemyStopAndFireState.cs using Guid(375e9b476b4b0704a8defdad8a207518) Importer(815301076,1909f56bfc062723c751e8b465ee728b)  -> (artifact id: '5343049979b3034118d3bfcc17468b2e') in 0.002703 seconds
  Import took 0.006699 seconds .

========================================================================
Received Import Request.
  Time since last request: 1.686318 seconds.
  path: Assets/Scripts/Enemy/EnemyScript.cs
  artifactKey: Guid(aa65d2d0a611c464081b026c43a844ba) Importer(815301076,1909f56bfc062723c751e8b465ee728b)
Start importing Assets/Scripts/Enemy/EnemyScript.cs using Guid(aa65d2d0a611c464081b026c43a844ba) Importer(815301076,1909f56bfc062723c751e8b465ee728b)  -> (artifact id: 'f0d3621a483fb07824d75733507511d7') in 0.009441 seconds
  Import took 0.014053 seconds .

========================================================================
Received Import Request.
  Time since last request: 0.002260 seconds.
  path: Assets/Scripts/Enemy/EnemyScript.cs
  artifactKey: Guid(aa65d2d0a611c464081b026c43a844ba) Importer(815301076,1909f56bfc062723c751e8b465ee728b)
Start importing Assets/Scripts/Enemy/EnemyScript.cs using Guid(aa65d2d0a611c464081b026c43a844ba) Importer(815301076,1909f56bfc062723c751e8b465ee728b)  -> (artifact id: 'f0d3621a483fb07824d75733507511d7') in 0.010351 seconds
  Import took 0.014527 seconds .

========================================================================
Received Import Request.
  Time since last request: 39.596350 seconds.
  path: Assets/Sprite/tanks/Constructor/Gun/specialBarrel1.png
  artifactKey: Guid(3b5378bb7df85ae42a5710103cb63ccd) Importer(815301076,1909f56bfc062723c751e8b465ee728b)
Start importing Assets/Sprite/tanks/Constructor/Gun/specialBarrel1.png using Guid(3b5378bb7df85ae42a5710103cb63ccd) Importer(815301076,1909f56bfc062723c751e8b465ee728b)  -> (artifact id: '6808aa35ec8aa8aadb95672e7fe77622') in 0.188645 seconds
  Import took 0.193162 seconds .

========================================================================
Received Import Request.
  Time since last request: 0.000343 seconds.
  path: Assets/Sprite/tanks/Constructor/Gun/specialBarrel1_outline.png
  artifactKey: Guid(ab5cc5c2a5840a04e8a71c1f2703b1e4) Importer(815301076,1909f56bfc062723c751e8b465ee728b)
Start importing Assets/Sprite/tanks/Constructor/Gun/specialBarrel1_outline.png using Guid(ab5cc5c2a5840a04e8a71c1f2703b1e4) Importer(815301076,1909f56bfc062723c751e8b465ee728b)  -> (artifact id: '53b9eed7252bea2ea0227747fc850ffd') in 0.022592 seconds
  Import took 0.026909 seconds .

========================================================================
Received Import Request.
  Time since last request: 0.096467 seconds.
  path: Assets/Sprite/tanks/Constructor/Gun/specialBarrel2.png
  artifactKey: Guid(07adcc511f84af145a3091825378e112) Importer(815301076,1909f56bfc062723c751e8b465ee728b)
Start importing Assets/Sprite/tanks/Constructor/Gun/specialBarrel2.png using Guid(07adcc511f84af145a3091825378e112) Importer(815301076,1909f56bfc062723c751e8b465ee728b)  -> (artifact id: 'c1f352714b2bc8b7fdfae29ab971f8d8') in 0.020056 seconds
  Import took 0.025022 seconds .

========================================================================
Received Import Request.
  Time since last request: 0.000345 seconds.
  path: Assets/Sprite/tanks/Constructor/Gun/specialBarrel3_outline.png
  artifactKey: Guid(feb378d0338897348ad0366ad4af37a8) Importer(815301076,1909f56bfc062723c751e8b465ee728b)
Start importing Assets/Sprite/tanks/Constructor/Gun/specialBarrel3_outline.png using Guid(feb378d0338897348ad0366ad4af37a8) Importer(815301076,1909f56bfc062723c751e8b465ee728b)  -> (artifact id: 'cc91d860755864ce4202738e3e6acc1c') in 0.017830 seconds
  Import took 0.021943 seconds .

========================================================================
Received Import Request.
  Time since last request: 0.000332 seconds.
  path: Assets/Sprite/tanks/Constructor/Gun/specialBarrel2.png
  artifactKey: Guid(07adcc511f84af145a3091825378e112) Importer(815301076,1909f56bfc062723c751e8b465ee728b)
Start importing Assets/Sprite/tanks/Constructor/Gun/specialBarrel2.png using Guid(07adcc511f84af145a3091825378e112) Importer(815301076,1909f56bfc062723c751e8b465ee728b)  -> (artifact id: 'c1f352714b2bc8b7fdfae29ab971f8d8') in 0.011480 seconds
  Import took 0.015333 seconds .

========================================================================
Received Import Request.
  Time since last request: 0.000309 seconds.
  path: Assets/Sprite/tanks/Constructor/Gun/specialBarrel2_outline.png
  artifactKey: Guid(047f5f4a6444f5d459d9f3478ec16e21) Importer(815301076,1909f56bfc062723c751e8b465ee728b)
Start importing Assets/Sprite/tanks/Constructor/Gun/specialBarrel2_outline.png using Guid(047f5f4a6444f5d459d9f3478ec16e21) Importer(815301076,1909f56bfc062723c751e8b465ee728b)  -> (artifact id: '16d4578fdfa059ed7b606d25401dcdb0') in 0.017820 seconds
  Import took 0.021867 seconds .

========================================================================
Received Import Request.
  Time since last request: 0.000285 seconds.
  path: Assets/Sprite/tanks/Constructor/Gun/specialBarrel3.png
  artifactKey: Guid(091bb1f4fe7d98d47ae7610417c333f9) Importer(815301076,1909f56bfc062723c751e8b465ee728b)
Start importing Assets/Sprite/tanks/Constructor/Gun/specialBarrel3.png using Guid(091bb1f4fe7d98d47ae7610417c333f9) Importer(815301076,1909f56bfc062723c751e8b465ee728b)  -> (artifact id: '2b3f31395f5d13b706622dc987cb3812') in 0.020241 seconds
  Import took 0.024231 seconds .

========================================================================
Received Import Request.
  Time since last request: 0.000322 seconds.
  path: Assets/Sprite/tanks/Constructor/Gun/specialBarrel5.png
  artifactKey: Guid(70a1080b1c2b45942bdb8415295b6333) Importer(815301076,1909f56bfc062723c751e8b465ee728b)
Start importing Assets/Sprite/tanks/Constructor/Gun/specialBarrel5.png using Guid(70a1080b1c2b45942bdb8415295b6333) Importer(815301076,1909f56bfc062723c751e8b465ee728b)  -> (artifact id: '75c5179e1ca5c4b8df43574bc48f9c8f') in 0.018933 seconds
  Import took 0.023195 seconds .

========================================================================
Received Import Request.
  Time since last request: 0.000241 seconds.
  path: Assets/Sprite/tanks/Constructor/Gun/specialBarrel5_outline.png
  artifactKey: Guid(45ab55b1b7e5078408156620241c1506) Importer(815301076,1909f56bfc062723c751e8b465ee728b)
Start importing Assets/Sprite/tanks/Constructor/Gun/specialBarrel5_outline.png using Guid(45ab55b1b7e5078408156620241c1506) Importer(815301076,1909f56bfc062723c751e8b465ee728b)  -> (artifact id: '3e4e590294f0873c4c9d1f9abf1634ac') in 0.017187 seconds
  Import took 0.021197 seconds .

========================================================================
Received Import Request.
  Time since last request: 0.000273 seconds.
  path: Assets/Sprite/tanks/Constructor/Gun/specialBarrel6_outline.png
  artifactKey: Guid(cd8e016da0db3c0438cab867d47f6dc7) Importer(815301076,1909f56bfc062723c751e8b465ee728b)
Start importing Assets/Sprite/tanks/Constructor/Gun/specialBarrel6_outline.png using Guid(cd8e016da0db3c0438cab867d47f6dc7) Importer(815301076,1909f56bfc062723c751e8b465ee728b)  -> (artifact id: '89ce1bf8055030ba5e9f0de9f5c1658e') in 0.022809 seconds
  Import took 0.026798 seconds .

========================================================================
Received Import Request.
  Time since last request: 0.000264 seconds.
  path: Assets/Sprite/tanks/Constructor/Gun/specialBarrel6.png
  artifactKey: Guid(84c29346e3bd35540a24b20570648add) Importer(815301076,1909f56bfc062723c751e8b465ee728b)
Start importing Assets/Sprite/tanks/Constructor/Gun/specialBarrel6.png using Guid(84c29346e3bd35540a24b20570648add) Importer(815301076,1909f56bfc062723c751e8b465ee728b)  -> (artifact id: '140dfb1ee68553649e55bd2a0336f281') in 0.016542 seconds
  Import took 0.020647 seconds .

========================================================================
Received Import Request.
  Time since last request: 0.000257 seconds.
  path: Assets/Sprite/tanks/Constructor/Gun/specialBarrel4.png
  artifactKey: Guid(aae4fb0abce30df408addd656e31a82a) Importer(815301076,1909f56bfc062723c751e8b465ee728b)
Start importing Assets/Sprite/tanks/Constructor/Gun/specialBarrel4.png using Guid(aae4fb0abce30df408addd656e31a82a) Importer(815301076,1909f56bfc062723c751e8b465ee728b)  -> (artifact id: 'f4ff18c1615866a90d561778039530e2') in 0.017879 seconds
  Import took 0.022037 seconds .

========================================================================
Received Import Request.
  Time since last request: 0.000259 seconds.
  path: Assets/Sprite/tanks/Constructor/Gun/specialBarrel4_outline.png
  artifactKey: Guid(eeb3e44af839b534a8738d8999271122) Importer(815301076,1909f56bfc062723c751e8b465ee728b)
Start importing Assets/Sprite/tanks/Constructor/Gun/specialBarrel4_outline.png using Guid(eeb3e44af839b534a8738d8999271122) Importer(815301076,1909f56bfc062723c751e8b465ee728b)  -> (artifact id: 'f9155533a5cabd6aaa9ef7bc785cfb0b') in 0.018046 seconds
  Import took 0.022163 seconds .

========================================================================
Received Import Request.
  Time since last request: 0.144250 seconds.
  path: Assets/Sprite/tanks/Constructor/Gun/specialBarrel7.png
  artifactKey: Guid(27054daca3661d040b3ddf36ce404465) Importer(815301076,1909f56bfc062723c751e8b465ee728b)
Start importing Assets/Sprite/tanks/Constructor/Gun/specialBarrel7.png using Guid(27054daca3661d040b3ddf36ce404465) Importer(815301076,1909f56bfc062723c751e8b465ee728b)  -> (artifact id: 'c325fc990b965c4a2a006c868d02d10c') in 0.016176 seconds
  Import took 0.021251 seconds .

========================================================================
Received Import Request.
  Time since last request: 0.000304 seconds.
  path: Assets/Sprite/tanks/Constructor/Gun/specialBarrel7_outline.png
  artifactKey: Guid(0ab78a512d15e3346ae9066451cd36b1) Importer(815301076,1909f56bfc062723c751e8b465ee728b)
Start importing Assets/Sprite/tanks/Constructor/Gun/specialBarrel7_outline.png using Guid(0ab78a512d15e3346ae9066451cd36b1) Importer(815301076,1909f56bfc062723c751e8b465ee728b)  -> (artifact id: '640a1bb83b913ed2ab0ace2365010a2d') in 0.016477 seconds
  Import took 0.020257 seconds .

========================================================================
Received Import Request.
  Time since last request: 0.000268 seconds.
  path: Assets/Sprite/tanks/Assembled/tank_blue.png
  artifactKey: Guid(09baae1b8c87a7b4f9901ef142b369e4) Importer(815301076,1909f56bfc062723c751e8b465ee728b)
Start importing Assets/Sprite/tanks/Assembled/tank_blue.png using Guid(09baae1b8c87a7b4f9901ef142b369e4) Importer(815301076,1909f56bfc062723c751e8b465ee728b)  -> (artifact id: 'fac02a9fa63a8fe19b0cbbc5adf6eff4') in 0.021216 seconds
  Import took 0.024885 seconds .

========================================================================
Received Import Request.
  Time since last request: 0.000351 seconds.
  path: Assets/Sprite/tanks/Constructor/Gun/specialBarrel7.png
  artifactKey: Guid(27054daca3661d040b3ddf36ce404465) Importer(815301076,1909f56bfc062723c751e8b465ee728b)
Start importing Assets/Sprite/tanks/Constructor/Gun/specialBarrel7.png using Guid(27054daca3661d040b3ddf36ce404465) Importer(815301076,1909f56bfc062723c751e8b465ee728b)  -> (artifact id: 'c325fc990b965c4a2a006c868d02d10c') in 0.011460 seconds
  Import took 0.015380 seconds .

========================================================================
Received Import Request.
  Time since last request: 0.000292 seconds.
  path: Assets/Sprite/tanks/Assembled/tank_bigRed.png
  artifactKey: Guid(e7906b6b63ee096479d9e485ab2650b3) Importer(815301076,1909f56bfc062723c751e8b465ee728b)
Start importing Assets/Sprite/tanks/Assembled/tank_bigRed.png using Guid(e7906b6b63ee096479d9e485ab2650b3) Importer(815301076,1909f56bfc062723c751e8b465ee728b)  -> (artifact id: 'c77f43040be2ad2d3a8db8cbef33b5b1') in 0.022122 seconds
  Import took 0.026170 seconds .

========================================================================
Received Import Request.
  Time since last request: 0.000272 seconds.
  path: Assets/Sprite/tanks/Assembled/tank_green.png
  artifactKey: Guid(7007e9281e77d724b99c6893b21fbff9) Importer(815301076,1909f56bfc062723c751e8b465ee728b)
Start importing Assets/Sprite/tanks/Assembled/tank_green.png using Guid(7007e9281e77d724b99c6893b21fbff9) Importer(815301076,1909f56bfc062723c751e8b465ee728b)  -> (artifact id: '5592489c09712fb5dcee515d9a95d523') in 0.020131 seconds
  Import took 0.024545 seconds .

========================================================================
Received Import Request.
  Time since last request: 0.000258 seconds.
  path: Assets/Sprite/tanks/Assembled/tank_huge.png
  artifactKey: Guid(7ca9231f1e529cf439549de217a91a9b) Importer(815301076,1909f56bfc062723c751e8b465ee728b)
Start importing Assets/Sprite/tanks/Assembled/tank_huge.png using Guid(7ca9231f1e529cf439549de217a91a9b) Importer(815301076,1909f56bfc062723c751e8b465ee728b)  -> (artifact id: '8606fc9f36af5e3252ea354a3dd544a9') in 0.021371 seconds
  Import took 0.026209 seconds .

========================================================================
Received Import Request.
  Time since last request: 0.000257 seconds.
  path: Assets/Sprite/tanks/Assembled/tank_dark.png
  artifactKey: Guid(206cca19eccc30b4585f89df9d2c9088) Importer(815301076,1909f56bfc062723c751e8b465ee728b)
Start importing Assets/Sprite/tanks/Assembled/tank_dark.png using Guid(206cca19eccc30b4585f89df9d2c9088) Importer(815301076,1909f56bfc062723c751e8b465ee728b)  -> (artifact id: 'bb6a49208265dc8fd89683f496786dc4') in 0.017539 seconds
  Import took 0.021490 seconds .

========================================================================
Received Import Request.
  Time since last request: 0.000255 seconds.
  path: Assets/Sprite/tanks/Assembled/tank_darkLarge.png
  artifactKey: Guid(e98fe1b57b49fb045a7dffbaa0618ea1) Importer(815301076,1909f56bfc062723c751e8b465ee728b)
Start importing Assets/Sprite/tanks/Assembled/tank_darkLarge.png using Guid(e98fe1b57b49fb045a7dffbaa0618ea1) Importer(815301076,1909f56bfc062723c751e8b465ee728b)  -> (artifact id: '71166fffa7065fd393da66c6162dff0a') in 0.019244 seconds
  Import took 0.023539 seconds .

========================================================================
Received Import Request.
  Time since last request: 0.200069 seconds.
  path: Assets/Sprite/tanks/Assembled/tank_red.png
  artifactKey: Guid(eb671b48a3ae23c429e1eb771c17be13) Importer(815301076,1909f56bfc062723c751e8b465ee728b)
Start importing Assets/Sprite/tanks/Assembled/tank_red.png using Guid(eb671b48a3ae23c429e1eb771c17be13) Importer(815301076,1909f56bfc062723c751e8b465ee728b)  -> (artifact id: '16da1d119fd2938c1afe0e5a87705a9a') in 0.019915 seconds
  Import took 0.024452 seconds .

========================================================================
Received Import Request.
  Time since last request: 0.000321 seconds.
  path: Assets/Sprite/tanks/Assembled/tank_sand.png
  artifactKey: Guid(d8b93d1b482991948a656689f2d3a91f) Importer(815301076,1909f56bfc062723c751e8b465ee728b)
Start importing Assets/Sprite/tanks/Assembled/tank_sand.png using Guid(d8b93d1b482991948a656689f2d3a91f) Importer(815301076,1909f56bfc062723c751e8b465ee728b)  -> (artifact id: 'a3327e0b4b346fd101ac84787ced7f08') in 0.019465 seconds
  Import took 0.023521 seconds .

========================================================================
Received Import Request.
  Time since last request: 0.000309 seconds.
  path: Assets/Sprite/tanks/Assembled/tank_red.png
  artifactKey: Guid(eb671b48a3ae23c429e1eb771c17be13) Importer(815301076,1909f56bfc062723c751e8b465ee728b)
Start importing Assets/Sprite/tanks/Assembled/tank_red.png using Guid(eb671b48a3ae23c429e1eb771c17be13) Importer(815301076,1909f56bfc062723c751e8b465ee728b)  -> (artifact id: '16da1d119fd2938c1afe0e5a87705a9a') in 0.012911 seconds
  Import took 0.017234 seconds .

========================================================================
Received Import Request.
  Time since last request: 0.017999 seconds.
  path: Assets/Sprite/tanks/Assembled/tank_sand.png
  artifactKey: Guid(d8b93d1b482991948a656689f2d3a91f) Importer(815301076,1909f56bfc062723c751e8b465ee728b)
Start importing Assets/Sprite/tanks/Assembled/tank_sand.png using Guid(d8b93d1b482991948a656689f2d3a91f) Importer(815301076,1909f56bfc062723c751e8b465ee728b)  -> (artifact id: 'a3327e0b4b346fd101ac84787ced7f08') in 0.010408 seconds
  Import took 0.014619 seconds .

========================================================================
Received Import Request.
  Time since last request: 0.000282 seconds.
  path: Assets/Sprite/tanks/Constructor/Gun/tankBlue_barrel1_outline.png
  artifactKey: Guid(260bd2242df428c49aa40dd2e2284579) Importer(815301076,1909f56bfc062723c751e8b465ee728b)
Start importing Assets/Sprite/tanks/Constructor/Gun/tankBlue_barrel1_outline.png using Guid(260bd2242df428c49aa40dd2e2284579) Importer(815301076,1909f56bfc062723c751e8b465ee728b)  -> (artifact id: 'b14e06db617f4239de5e4ba03b523092') in 0.102163 seconds
  Import took 0.106442 seconds .

========================================================================
Received Import Request.
  Time since last request: 0.000327 seconds.
  path: Assets/Sprite/tanks/Constructor/Gun/tankBlue_barrel3_outline.png
  artifactKey: Guid(53976a423722dac4cb9b92c65c2b366a) Importer(815301076,1909f56bfc062723c751e8b465ee728b)
Start importing Assets/Sprite/tanks/Constructor/Gun/tankBlue_barrel3_outline.png using Guid(53976a423722dac4cb9b92c65c2b366a) Importer(815301076,1909f56bfc062723c751e8b465ee728b)  -> (artifact id: '54aae40745f79612b6dffc4ee30baf92') in 0.017542 seconds
  Import took 0.021504 seconds .

========================================================================
Received Import Request.
  Time since last request: 0.000320 seconds.
  path: Assets/Sprite/tanks/Constructor/Gun/tankBlue_barrel2.png
  artifactKey: Guid(bed3b6e69e55aef419a894692510a994) Importer(815301076,1909f56bfc062723c751e8b465ee728b)
Start importing Assets/Sprite/tanks/Constructor/Gun/tankBlue_barrel2.png using Guid(bed3b6e69e55aef419a894692510a994) Importer(815301076,1909f56bfc062723c751e8b465ee728b)  -> (artifact id: '4f780642adfa6e6d669ceca668a22f44') in 0.017392 seconds
  Import took 0.021383 seconds .

========================================================================
Received Import Request.
  Time since last request: 0.000273 seconds.
  path: Assets/Sprite/tanks/Constructor/Gun/tankBlue_barrel1.png
  artifactKey: Guid(ce493fc801fb14f4180835576b199f7f) Importer(815301076,1909f56bfc062723c751e8b465ee728b)
Start importing Assets/Sprite/tanks/Constructor/Gun/tankBlue_barrel1.png using Guid(ce493fc801fb14f4180835576b199f7f) Importer(815301076,1909f56bfc062723c751e8b465ee728b)  -> (artifact id: '305c43bb2ac9448d81023417af107afa') in 0.023425 seconds
  Import took 0.027664 seconds .

========================================================================
Received Import Request.
  Time since last request: 0.000280 seconds.
  path: Assets/Sprite/tanks/Constructor/Gun/tankBlue_barrel2_outline.png
  artifactKey: Guid(900d8a883a407bb479405aa23250ef15) Importer(815301076,1909f56bfc062723c751e8b465ee728b)
Start importing Assets/Sprite/tanks/Constructor/Gun/tankBlue_barrel2_outline.png using Guid(900d8a883a407bb479405aa23250ef15) Importer(815301076,1909f56bfc062723c751e8b465ee728b)  -> (artifact id: '3d995fdf18d67b91dd812d9af16d0ed5') in 0.017140 seconds
  Import took 0.021073 seconds .

========================================================================
Received Import Request.
  Time since last request: 0.000256 seconds.
  path: Assets/Sprite/tanks/Constructor/Gun/tankBlue_barrel3.png
  artifactKey: Guid(708264ffbcdee1340add016de6ca8c00) Importer(815301076,1909f56bfc062723c751e8b465ee728b)
Start importing Assets/Sprite/tanks/Constructor/Gun/tankBlue_barrel3.png using Guid(708264ffbcdee1340add016de6ca8c00) Importer(815301076,1909f56bfc062723c751e8b465ee728b)  -> (artifact id: '23af352c7febf4ff395d972c4f9ce8aa') in 0.017568 seconds
  Import took 0.021667 seconds .

========================================================================
Received Import Request.
  Time since last request: 0.017855 seconds.
  path: Assets/Sprite/tanks/Constructor/Gun/tankBlue_barrel3.png
  artifactKey: Guid(708264ffbcdee1340add016de6ca8c00) Importer(815301076,1909f56bfc062723c751e8b465ee728b)
Start importing Assets/Sprite/tanks/Constructor/Gun/tankBlue_barrel3.png using Guid(708264ffbcdee1340add016de6ca8c00) Importer(815301076,1909f56bfc062723c751e8b465ee728b)  -> (artifact id: '23af352c7febf4ff395d972c4f9ce8aa') in 0.014617 seconds
  Import took 0.018752 seconds .

========================================================================
Received Prepare
Registering precompiled user dll's ...
Registered in 0.001419 seconds.
Begin MonoManager ReloadAssembly
Native extension for WindowsStandalone target not found
Refreshing native plugins compatible for Editor in 0.52 ms, found 1 plugins.
Preloading 0 native plugins for Editor in 0.00 ms.
Mono: successfully reloaded assembly
- Completed reload, in  1.419 seconds
Platform modules already initialized, skipping
Refreshing native plugins compatible for Editor in 0.52 ms, found 1 plugins.
Preloading 0 native plugins for Editor in 0.00 ms.
Unloading 1813 Unused Serialized files (Serialized files now loaded: 0)
System memory in use before: 88.3 MB.
System memory in use after: 88.3 MB.

Unloading 12 unused Assets to reduce memory usage. Loaded Objects now: 2303.
Total: 2.695300 ms (FindLiveObjects: 0.206900 ms CreateObjectMapping: 0.077600 ms MarkObjects: 2.241100 ms  DeleteObjects: 0.167300 ms)

========================================================================
Received Import Request.
  Time since last request: 116.359874 seconds.
  path: Assets/Scripts/bullet.cs
  artifactKey: Guid(c8feb484385d2304ba202694cc6da03b) Importer(815301076,1909f56bfc062723c751e8b465ee728b)
Start importing Assets/Scripts/bullet.cs using Guid(c8feb484385d2304ba202694cc6da03b) Importer(815301076,1909f56bfc062723c751e8b465ee728b)  -> (artifact id: '30d4995673851e0b7c2bc4f02278db2e') in 0.013609 seconds
  Import took 0.018024 seconds .

========================================================================
Received Import Request.
  Time since last request: 0.000958 seconds.
  path: Assets/Scripts/bullet.cs
  artifactKey: Guid(c8feb484385d2304ba202694cc6da03b) Importer(815301076,1909f56bfc062723c751e8b465ee728b)
Start importing Assets/Scripts/bullet.cs using Guid(c8feb484385d2304ba202694cc6da03b) Importer(815301076,1909f56bfc062723c751e8b465ee728b)  -> (artifact id: '30d4995673851e0b7c2bc4f02278db2e') in 0.003051 seconds
  Import took 0.006981 seconds .

========================================================================
Received Import Request.
  Time since last request: 1.119701 seconds.
  path: Assets/Scripts/tankControl.cs
  artifactKey: Guid(55b7f5c543fb1d444ba0d747a8578eda) Importer(815301076,1909f56bfc062723c751e8b465ee728b)
Start importing Assets/Scripts/tankControl.cs using Guid(55b7f5c543fb1d444ba0d747a8578eda) Importer(815301076,1909f56bfc062723c751e8b465ee728b)  -> (artifact id: 'f56fdff51344ab526dcc7d105cfc1d11') in 0.007961 seconds
  Import took 0.011918 seconds .

========================================================================
Received Import Request.
  Time since last request: 2.257213 seconds.
  path: Assets/Scripts/tankControl.cs
  artifactKey: Guid(55b7f5c543fb1d444ba0d747a8578eda) Importer(815301076,1909f56bfc062723c751e8b465ee728b)
Start importing Assets/Scripts/tankControl.cs using Guid(55b7f5c543fb1d444ba0d747a8578eda) Importer(815301076,1909f56bfc062723c751e8b465ee728b)  -> (artifact id: 'f56fdff51344ab526dcc7d105cfc1d11') in 0.002831 seconds
  Import took 0.006736 seconds .

========================================================================
Received Prepare
Registering precompiled user dll's ...
Registered in 0.001308 seconds.
Begin MonoManager ReloadAssembly
Native extension for WindowsStandalone target not found
Refreshing native plugins compatible for Editor in 0.50 ms, found 1 plugins.
Preloading 0 native plugins for Editor in 0.00 ms.
Mono: successfully reloaded assembly
- Completed reload, in  1.622 seconds
Platform modules already initialized, skipping
Refreshing native plugins compatible for Editor in 0.57 ms, found 1 plugins.
Preloading 0 native plugins for Editor in 0.00 ms.
Unloading 1813 Unused Serialized files (Serialized files now loaded: 0)
System memory in use before: 88.4 MB.
System memory in use after: 88.4 MB.

Unloading 12 unused Assets to reduce memory usage. Loaded Objects now: 2307.
Total: 2.608900 ms (FindLiveObjects: 0.211500 ms CreateObjectMapping: 0.081200 ms MarkObjects: 2.159000 ms  DeleteObjects: 0.155400 ms)

========================================================================
Received Prepare
Registering precompiled user dll's ...
Registered in 0.001285 seconds.
Begin MonoManager ReloadAssembly
Native extension for WindowsStandalone target not found
Refreshing native plugins compatible for Editor in 0.57 ms, found 1 plugins.
Preloading 0 native plugins for Editor in 0.00 ms.
Mono: successfully reloaded assembly
- Completed reload, in  1.465 seconds
Platform modules already initialized, skipping
Refreshing native plugins compatible for Editor in 0.54 ms, found 1 plugins.
Preloading 0 native plugins for Editor in 0.00 ms.
Unloading 1813 Unused Serialized files (Serialized files now loaded: 0)
System memory in use before: 88.4 MB.
System memory in use after: 88.4 MB.

Unloading 12 unused Assets to reduce memory usage. Loaded Objects now: 2311.
Total: 2.772100 ms (FindLiveObjects: 0.226900 ms CreateObjectMapping: 0.091700 ms MarkObjects: 2.289600 ms  DeleteObjects: 0.161600 ms)

========================================================================
Received Import Request.
  Time since last request: 743.778253 seconds.
  path: ProjectSettings/TagManager.asset
  artifactKey: Guid(00000000000000003000000000000000) Importer(815301076,1909f56bfc062723c751e8b465ee728b)
Start importing ProjectSettings/TagManager.asset using Guid(00000000000000003000000000000000) Importer(815301076,1909f56bfc062723c751e8b465ee728b)  -> (artifact id: '0cf9088148c8a3cbd29f9a356fcbb966') in 0.074539 seconds
  Import took 0.079008 seconds .

========================================================================
Received Import Request.
  Time since last request: 25.450611 seconds.
  path: Assets/Prefubs/Effects/BlastWave.prefab
  artifactKey: Guid(6a047642495d5224eb931cb4fe45d3e1) Importer(815301076,1909f56bfc062723c751e8b465ee728b)
Start importing Assets/Prefubs/Effects/BlastWave.prefab using Guid(6a047642495d5224eb931cb4fe45d3e1) Importer(815301076,1909f56bfc062723c751e8b465ee728b)  -> (artifact id: 'a754e56805154fe05c3f310c5148fe12') in 0.071358 seconds
  Import took 0.080716 seconds .

========================================================================
Received Prepare
Registering precompiled user dll's ...
Registered in 0.001244 seconds.
Begin MonoManager ReloadAssembly
Native extension for WindowsStandalone target not found
Refreshing native plugins compatible for Editor in 0.51 ms, found 1 plugins.
Preloading 0 native plugins for Editor in 0.00 ms.
Mono: successfully reloaded assembly
- Completed reload, in  1.637 seconds
Platform modules already initialized, skipping
Refreshing native plugins compatible for Editor in 0.86 ms, found 1 plugins.
Preloading 0 native plugins for Editor in 0.00 ms.
Unloading 1813 Unused Serialized files (Serialized files now loaded: 0)
System memory in use before: 88.4 MB.
System memory in use after: 88.4 MB.

Unloading 13 unused Assets to reduce memory usage. Loaded Objects now: 2315.
Total: 2.632200 ms (FindLiveObjects: 0.235400 ms CreateObjectMapping: 0.104000 ms MarkObjects: 2.123900 ms  DeleteObjects: 0.166900 ms)

========================================================================
Received Prepare
Registering precompiled user dll's ...
Registered in 0.001286 seconds.
Begin MonoManager ReloadAssembly
Native extension for WindowsStandalone target not found
Refreshing native plugins compatible for Editor in 1.07 ms, found 1 plugins.
Preloading 0 native plugins for Editor in 0.00 ms.
Mono: successfully reloaded assembly
- Completed reload, in  2.350 seconds
Platform modules already initialized, skipping
Refreshing native plugins compatible for Editor in 0.53 ms, found 1 plugins.
Preloading 0 native plugins for Editor in 0.00 ms.
Unloading 1813 Unused Serialized files (Serialized files now loaded: 0)
System memory in use before: 88.4 MB.
System memory in use after: 88.4 MB.

Unloading 12 unused Assets to reduce memory usage. Loaded Objects now: 2319.
Total: 3.784800 ms (FindLiveObjects: 0.214600 ms CreateObjectMapping: 0.081500 ms MarkObjects: 3.321500 ms  DeleteObjects: 0.165400 ms)

========================================================================
Received Import Request.
  Time since last request: 88.878711 seconds.
  path: Assets/Prefubs/Tanks/Enemy.prefab
  artifactKey: Guid(19342bbaa07b24542ac4982142b1ab92) Importer(815301076,1909f56bfc062723c751e8b465ee728b)
Start importing Assets/Prefubs/Tanks/Enemy.prefab using Guid(19342bbaa07b24542ac4982142b1ab92) Importer(815301076,1909f56bfc062723c751e8b465ee728b)  -> (artifact id: '2dc61a328c7c1060b31720e61acb5d85') in 0.143950 seconds
  Import took 0.149128 seconds .

========================================================================
Received Import Request.
  Time since last request: 0.006602 seconds.
  path: Assets/Prefubs/Tanks/Enemy.prefab
  artifactKey: Guid(19342bbaa07b24542ac4982142b1ab92) Importer(815301076,1909f56bfc062723c751e8b465ee728b)
Start importing Assets/Prefubs/Tanks/Enemy.prefab using Guid(19342bbaa07b24542ac4982142b1ab92) Importer(815301076,1909f56bfc062723c751e8b465ee728b)  -> (artifact id: '2dc61a328c7c1060b31720e61acb5d85') in 0.022298 seconds
  Import took 0.028189 seconds .

AssetImportWorkerClient::OnTransportError - code=2 error=End of file
